This file contains any messages produced by compilers while
running configure, to aid debugging if configure makes a mistake.

It was created by btpd configure 0.16+, which was
generated by GNU Autoconf 2.69.  Invocation command line was

  $ ./configure --prefix=/usr

## --------- ##
## Platform. ##
## --------- ##

hostname = helium
uname -m = x86_64
uname -r = 4.2.5-1-ARCH
uname -s = Linux
uname -v = #1 SMP PREEMPT Tue Oct 27 08:13:28 CET 2015

/usr/bin/uname -p = unknown
/bin/uname -X     = unknown

/bin/arch              = unknown
/usr/bin/arch -k       = unknown
/usr/convex/getsysinfo = unknown
/usr/bin/hostinfo      = unknown
/bin/machine           = unknown
/usr/bin/oslevel       = unknown
/bin/universe          = unknown

PATH: /home/zane/dotfiles/bin
PATH: /home/zane/dotfiles/bin
PATH: /usr/local/bin
PATH: /usr/bin
PATH: /bin
PATH: /usr/bin/core_perl


## ----------- ##
## Core tests. ##
## ----------- ##

configure:2206: checking for a BSD-compatible install
configure:2274: result: /usr/bin/install -c
configure:2285: checking whether build environment is sane
configure:2340: result: yes
configure:2491: checking for a thread-safe mkdir -p
configure:2530: result: /usr/bin/mkdir -p
configure:2537: checking for gawk
configure:2553: found /usr/bin/gawk
configure:2564: result: gawk
configure:2575: checking whether make sets $(MAKE)
configure:2597: result: yes
configure:2626: checking whether make supports nested variables
configure:2643: result: yes
configure:2821: checking for gcc
configure:2837: found /usr/bin/gcc
configure:2848: result: gcc
configure:3077: checking for C compiler version
configure:3086: gcc --version >&5
gcc (GCC) 5.3.0
Copyright (C) 2015 Free Software Foundation, Inc.
This is free software; see the source for copying conditions.  There is NO
warranty; not even for MERCHANTABILITY or FITNESS FOR A PARTICULAR PURPOSE.

configure:3097: $? = 0
configure:3086: gcc -v >&5
Using built-in specs.
COLLECT_GCC=gcc
COLLECT_LTO_WRAPPER=/usr/lib/gcc/x86_64-unknown-linux-gnu/5.3.0/lto-wrapper
Target: x86_64-unknown-linux-gnu
Configured with: /build/gcc-multilib/src/gcc-5.3.0/configure --prefix=/usr --libdir=/usr/lib --libexecdir=/usr/lib --mandir=/usr/share/man --infodir=/usr/share/info --with-bugurl=https://bugs.archlinux.org/ --enable-languages=c,c++,ada,fortran,go,lto,objc,obj-c++ --enable-shared --enable-threads=posix --enable-libmpx --with-system-zlib --with-isl --enable-__cxa_atexit --disable-libunwind-exceptions --enable-clocale=gnu --disable-libstdcxx-pch --disable-libssp --enable-gnu-unique-object --enable-linker-build-id --enable-lto --enable-plugin --enable-install-libiberty --with-linker-hash-style=gnu --enable-gnu-indirect-function --enable-multilib --disable-werror --enable-checking=release
Thread model: posix
gcc version 5.3.0 (GCC) 
configure:3097: $? = 0
configure:3086: gcc -V >&5
gcc: error: unrecognized command line option '-V'
gcc: fatal error: no input files
compilation terminated.
configure:3097: $? = 1
configure:3086: gcc -qversion >&5
gcc: error: unrecognized command line option '-qversion'
gcc: fatal error: no input files
compilation terminated.
configure:3097: $? = 1
configure:3117: checking whether the C compiler works
configure:3139: gcc    conftest.c  >&5
configure:3143: $? = 0
configure:3191: result: yes
configure:3194: checking for C compiler default output file name
configure:3196: result: a.out
configure:3202: checking for suffix of executables
configure:3209: gcc -o conftest    conftest.c  >&5
configure:3213: $? = 0
configure:3235: result: 
configure:3257: checking whether we are cross compiling
configure:3265: gcc -o conftest    conftest.c  >&5
configure:3269: $? = 0
configure:3276: ./conftest
configure:3280: $? = 0
configure:3295: result: no
configure:3300: checking for suffix of object files
configure:3322: gcc -c   conftest.c >&5
configure:3326: $? = 0
configure:3347: result: o
configure:3351: checking whether we are using the GNU C compiler
configure:3370: gcc -c   conftest.c >&5
configure:3370: $? = 0
configure:3379: result: yes
configure:3388: checking whether gcc accepts -g
configure:3408: gcc -c -g  conftest.c >&5
configure:3408: $? = 0
configure:3449: result: yes
configure:3466: checking for gcc option to accept ISO C89
configure:3529: gcc  -c -g -O2  conftest.c >&5
configure:3529: $? = 0
configure:3542: result: none needed
configure:3567: checking whether gcc understands -c and -o together
configure:3589: gcc -c conftest.c -o conftest2.o
configure:3592: $? = 0
configure:3589: gcc -c conftest.c -o conftest2.o
configure:3592: $? = 0
configure:3604: result: yes
configure:3632: checking for style of include used by make
configure:3660: result: GNU
configure:3686: checking dependency style of gcc
configure:3797: result: gcc3
configure:3856: checking for ranlib
configure:3872: found /usr/bin/ranlib
configure:3883: result: ranlib
configure:3911: checking how to run the C preprocessor
configure:3942: gcc -E  conftest.c
configure:3942: $? = 0
configure:3956: gcc -E  conftest.c
conftest.c:11:28: fatal error: ac_nonexistent.h: No such file or directory
compilation terminated.
configure:3956: $? = 1
configure: failed program was:
| /* confdefs.h */
| #define PACKAGE_NAME "btpd"
| #define PACKAGE_TARNAME "btpd"
| #define PACKAGE_VERSION "0.16+"
| #define PACKAGE_STRING "btpd 0.16+"
| #define PACKAGE_BUGREPORT "btpd-users@googlegroups.com"
| #define PACKAGE_URL ""
| #define PACKAGE "btpd"
| #define VERSION "0.16+"
| /* end confdefs.h.  */
| #include <ac_nonexistent.h>
configure:3981: result: gcc -E
configure:4001: gcc -E  conftest.c
configure:4001: $? = 0
configure:4015: gcc -E  conftest.c
conftest.c:11:28: fatal error: ac_nonexistent.h: No such file or directory
compilation terminated.
configure:4015: $? = 1
configure: failed program was:
| /* confdefs.h */
| #define PACKAGE_NAME "btpd"
| #define PACKAGE_TARNAME "btpd"
| #define PACKAGE_VERSION "0.16+"
| #define PACKAGE_STRING "btpd 0.16+"
| #define PACKAGE_BUGREPORT "btpd-users@googlegroups.com"
| #define PACKAGE_URL ""
| #define PACKAGE "btpd"
| #define VERSION "0.16+"
| /* end confdefs.h.  */
| #include <ac_nonexistent.h>
configure:4044: checking for grep that handles long lines and -e
configure:4102: result: /usr/bin/grep
configure:4107: checking for egrep
configure:4169: result: /usr/bin/grep -E
configure:4174: checking for ANSI C header files
configure:4194: gcc -c -g -O2  conftest.c >&5
configure:4194: $? = 0
configure:4267: gcc -o conftest -g -O2   conftest.c  >&5
configure:4267: $? = 0
configure:4267: ./conftest
configure:4267: $? = 0
configure:4278: result: yes
configure:4291: checking for sys/types.h
configure:4291: gcc -c -g -O2  conftest.c >&5
configure:4291: $? = 0
configure:4291: result: yes
configure:4291: checking for sys/stat.h
configure:4291: gcc -c -g -O2  conftest.c >&5
configure:4291: $? = 0
configure:4291: result: yes
configure:4291: checking for stdlib.h
configure:4291: gcc -c -g -O2  conftest.c >&5
configure:4291: $? = 0
configure:4291: result: yes
configure:4291: checking for string.h
configure:4291: gcc -c -g -O2  conftest.c >&5
configure:4291: $? = 0
configure:4291: result: yes
configure:4291: checking for memory.h
configure:4291: gcc -c -g -O2  conftest.c >&5
configure:4291: $? = 0
configure:4291: result: yes
configure:4291: checking for strings.h
configure:4291: gcc -c -g -O2  conftest.c >&5
configure:4291: $? = 0
configure:4291: result: yes
configure:4291: checking for inttypes.h
configure:4291: gcc -c -g -O2  conftest.c >&5
configure:4291: $? = 0
configure:4291: result: yes
configure:4291: checking for stdint.h
configure:4291: gcc -c -g -O2  conftest.c >&5
configure:4291: $? = 0
configure:4291: result: yes
configure:4291: checking for unistd.h
configure:4291: gcc -c -g -O2  conftest.c >&5
configure:4291: $? = 0
configure:4291: result: yes
configure:4304: checking minix/config.h usability
configure:4304: gcc -c -g -O2  conftest.c >&5
conftest.c:54:26: fatal error: minix/config.h: No such file or directory
compilation terminated.
configure:4304: $? = 1
configure: failed program was:
| /* confdefs.h */
| #define PACKAGE_NAME "btpd"
| #define PACKAGE_TARNAME "btpd"
| #define PACKAGE_VERSION "0.16+"
| #define PACKAGE_STRING "btpd 0.16+"
| #define PACKAGE_BUGREPORT "btpd-users@googlegroups.com"
| #define PACKAGE_URL ""
| #define PACKAGE "btpd"
| #define VERSION "0.16+"
| #define STDC_HEADERS 1
| #define HAVE_SYS_TYPES_H 1
| #define HAVE_SYS_STAT_H 1
| #define HAVE_STDLIB_H 1
| #define HAVE_STRING_H 1
| #define HAVE_MEMORY_H 1
| #define HAVE_STRINGS_H 1
| #define HAVE_INTTYPES_H 1
| #define HAVE_STDINT_H 1
| #define HAVE_UNISTD_H 1
| /* end confdefs.h.  */
| #include <stdio.h>
| #ifdef HAVE_SYS_TYPES_H
| # include <sys/types.h>
| #endif
| #ifdef HAVE_SYS_STAT_H
| # include <sys/stat.h>
| #endif
| #ifdef STDC_HEADERS
| # include <stdlib.h>
| # include <stddef.h>
| #else
| # ifdef HAVE_STDLIB_H
| #  include <stdlib.h>
| # endif
| #endif
| #ifdef HAVE_STRING_H
| # if !defined STDC_HEADERS && defined HAVE_MEMORY_H
| #  include <memory.h>
| # endif
| # include <string.h>
| #endif
| #ifdef HAVE_STRINGS_H
| # include <strings.h>
| #endif
| #ifdef HAVE_INTTYPES_H
| # include <inttypes.h>
| #endif
| #ifdef HAVE_STDINT_H
| # include <stdint.h>
| #endif
| #ifdef HAVE_UNISTD_H
| # include <unistd.h>
| #endif
| #include <minix/config.h>
configure:4304: result: no
configure:4304: checking minix/config.h presence
configure:4304: gcc -E  conftest.c
conftest.c:21:26: fatal error: minix/config.h: No such file or directory
compilation terminated.
configure:4304: $? = 1
configure: failed program was:
| /* confdefs.h */
| #define PACKAGE_NAME "btpd"
| #define PACKAGE_TARNAME "btpd"
| #define PACKAGE_VERSION "0.16+"
| #define PACKAGE_STRING "btpd 0.16+"
| #define PACKAGE_BUGREPORT "btpd-users@googlegroups.com"
| #define PACKAGE_URL ""
| #define PACKAGE "btpd"
| #define VERSION "0.16+"
| #define STDC_HEADERS 1
| #define HAVE_SYS_TYPES_H 1
| #define HAVE_SYS_STAT_H 1
| #define HAVE_STDLIB_H 1
| #define HAVE_STRING_H 1
| #define HAVE_MEMORY_H 1
| #define HAVE_STRINGS_H 1
| #define HAVE_INTTYPES_H 1
| #define HAVE_STDINT_H 1
| #define HAVE_UNISTD_H 1
| /* end confdefs.h.  */
| #include <minix/config.h>
configure:4304: result: no
configure:4304: checking for minix/config.h
configure:4304: result: no
configure:4325: checking whether it is safe to define __EXTENSIONS__
configure:4343: gcc -c -g -O2  conftest.c >&5
configure:4343: $? = 0
configure:4350: result: yes
configure:4391: checking for library containing inet_ntop
configure:4422: gcc -o conftest -g -O2   conftest.c  >&5
configure:4422: $? = 0
configure:4439: result: none required
configure:4452: checking for library containing bind
configure:4483: gcc -o conftest -g -O2   conftest.c  >&5
configure:4483: $? = 0
configure:4500: result: none required
configure:4518: checking for asprintf
configure:4518: gcc -o conftest -g -O2   conftest.c  >&5
configure:4518: $? = 0
configure:4518: result: yes
configure:4528: checking for CLOCK_MONOTONIC
configure:4538: gcc -c -g -O2  conftest.c >&5
configure:4538: $? = 0
configure:4544: result: yes
configure:4549: checking for library containing clock_gettime
configure:4580: gcc -o conftest -g -O2   conftest.c  >&5
configure:4580: $? = 0
configure:4597: result: none required
configure:4632: checking whether compiler accepts -Wno-pointer-sign
configure:4661: result: yes
configure:4668: checking for SHA1_Final in -lcrypto
configure:4693: gcc -o conftest -g -O2    conftest.c -lcrypto   >&5
configure:4693: $? = 0
configure:4702: result: yes
configure:4718: checking for epoll_wait
configure:4718: gcc -o conftest -g -O2   conftest.c  >&5
configure:4718: $? = 0
configure:4718: result: yes
configure:4767: selected evloop method EVLOOP_EPOLL
configure:4785: checking whether pthreads compiles with flags "-pthread "
configure:4826: gcc -o conftest -pthread -g -O2   conftest.c   >&5
configure:4826: $? = 0
configure:4828: result: yes
configure:4992: checking that generated files are newer than configure
configure:4998: result: done
configure:5021: creating ./config.status

## ---------------------- ##
## Running config.status. ##
## ---------------------- ##

This file was extended by btpd config.status 0.16+, which was
generated by GNU Autoconf 2.69.  Invocation command line was

  CONFIG_FILES    = 
  CONFIG_HEADERS  = 
  CONFIG_LINKS    = 
  CONFIG_COMMANDS = 
  $ ./config.status 

on helium

config.status:787: creating Makefile
config.status:959: executing depfiles commands

## ---------------- ##
## Cache variables. ##
## ---------------- ##

ac_cv_c_compiler_gnu=yes
ac_cv_env_CC_set=
ac_cv_env_CC_value=
ac_cv_env_CFLAGS_set=
ac_cv_env_CFLAGS_value=
ac_cv_env_CPPFLAGS_set=
ac_cv_env_CPPFLAGS_value=
ac_cv_env_CPP_set=
ac_cv_env_CPP_value=
ac_cv_env_LDFLAGS_set=
ac_cv_env_LDFLAGS_value=
ac_cv_env_LIBS_set=
ac_cv_env_LIBS_value=
ac_cv_env_build_alias_set=
ac_cv_env_build_alias_value=
ac_cv_env_host_alias_set=
ac_cv_env_host_alias_value=
ac_cv_env_target_alias_set=
ac_cv_env_target_alias_value=
ac_cv_func_asprintf=yes
ac_cv_func_epoll_wait=yes
ac_cv_header_inttypes_h=yes
ac_cv_header_memory_h=yes
ac_cv_header_minix_config_h=no
ac_cv_header_stdc=yes
ac_cv_header_stdint_h=yes
ac_cv_header_stdlib_h=yes
ac_cv_header_string_h=yes
ac_cv_header_strings_h=yes
ac_cv_header_sys_stat_h=yes
ac_cv_header_sys_types_h=yes
ac_cv_header_unistd_h=yes
ac_cv_lib_crypto_SHA1_Final=yes
ac_cv_objext=o
ac_cv_path_EGREP='/usr/bin/grep -E'
ac_cv_path_GREP=/usr/bin/grep
ac_cv_path_install='/usr/bin/install -c'
ac_cv_path_mkdir=/usr/bin/mkdir
ac_cv_prog_AWK=gawk
ac_cv_prog_CPP='gcc -E'
ac_cv_prog_ac_ct_CC=gcc
ac_cv_prog_ac_ct_RANLIB=ranlib
ac_cv_prog_cc_c89=
ac_cv_prog_cc_g=yes
ac_cv_prog_make_make_set=yes
ac_cv_safe_to_define___extensions__=yes
ac_cv_search_bind='none required'
ac_cv_search_clock_gettime='none required'
ac_cv_search_inet_ntop='none required'
am_cv_CC_dependencies_compiler_type=gcc3
am_cv_make_support_nested_variables=yes
am_cv_prog_cc_c_o=yes

## ----------------- ##
## Output variables. ##
## ----------------- ##

ACLOCAL='${SHELL} /mnt/storage/pkg/btpd/missing aclocal-1.15'
AMDEPBACKSLASH='\'
AMDEP_FALSE='#'
AMDEP_TRUE=''
AMTAR='$${TAR-tar}'
AM_BACKSLASH='\'
AM_DEFAULT_V='$(AM_DEFAULT_VERBOSITY)'
AM_DEFAULT_VERBOSITY='1'
AM_V='$(V)'
AUTOCONF='${SHELL} /mnt/storage/pkg/btpd/missing autoconf'
AUTOHEADER='${SHELL} /mnt/storage/pkg/btpd/missing autoheader'
AUTOMAKE='${SHELL} /mnt/storage/pkg/btpd/missing automake-1.15'
AWK='gawk'
CC='gcc'
CCDEPMODE='depmode=gcc3'
CFLAGS='-g -O2'
CLOCKLIB=''
CPP='gcc -E'
CPPFLAGS=''
CYGPATH_W='echo'
DEFS='-DPACKAGE_NAME=\"btpd\" -DPACKAGE_TARNAME=\"btpd\" -DPACKAGE_VERSION=\"0.16+\" -DPACKAGE_STRING=\"btpd\ 0.16+\" -DPACKAGE_BUGREPORT=\"btpd-users@googlegroups.com\" -DPACKAGE_URL=\"\" -DPACKAGE=\"btpd\" -DVERSION=\"0.16+\" -DSTDC_HEADERS=1 -DHAVE_SYS_TYPES_H=1 -DHAVE_SYS_STAT_H=1 -DHAVE_STDLIB_H=1 -DHAVE_STRING_H=1 -DHAVE_MEMORY_H=1 -DHAVE_STRINGS_H=1 -DHAVE_INTTYPES_H=1 -DHAVE_STDINT_H=1 -DHAVE_UNISTD_H=1 -D__EXTENSIONS__=1 -D_ALL_SOURCE=1 -D_GNU_SOURCE=1 -D_POSIX_PTHREAD_SEMANTICS=1 -D_TANDEM_SOURCE=1 -DHAVE_ASPRINTF=1 -DHAVE_CLOCK_MONOTONIC=1'
DEPDIR='.deps'
ECHO_C=''
ECHO_N='-n'
ECHO_T=''
EGREP='/usr/bin/grep -E'
EVLOOP_IMPL='evloop/epoll.o'
EVLOOP_METHOD='EVLOOP_EPOLL'
EXEEXT=''
GREP='/usr/bin/grep'
INETLIBS=''
INSTALL_DATA='${INSTALL} -m 644'
INSTALL_PROGRAM='${INSTALL}'
INSTALL_SCRIPT='${INSTALL}'
INSTALL_STRIP_PROGRAM='$(install_sh) -c -s'
LDFLAGS=''
LIBOBJS=''
LIBS=''
LTLIBOBJS=''
MAKEINFO='${SHELL} /mnt/storage/pkg/btpd/missing makeinfo'
MKDIR_P='/usr/bin/mkdir -p'
OBJEXT='o'
PACKAGE='btpd'
PACKAGE_BUGREPORT='btpd-users@googlegroups.com'
PACKAGE_NAME='btpd'
PACKAGE_STRING='btpd 0.16+'
PACKAGE_TARNAME='btpd'
PACKAGE_URL=''
PACKAGE_VERSION='0.16+'
PATH_SEPARATOR=':'
RANLIB='ranlib'
SET_MAKE=''
SHELL='/bin/sh'
STRIP=''
TD_CFLAGS='-pthread'
TD_LIBS=''
VERSION='0.16+'
WARNNPS='-Wno-pointer-sign'
ac_ct_CC='gcc'
am__EXEEXT_FALSE=''
am__EXEEXT_TRUE='#'
am__fastdepCC_FALSE='#'
am__fastdepCC_TRUE=''
am__include='include'
am__isrc=''
am__leading_dot='.'
am__nodep='_no'
am__quote=''
am__tar='$${TAR-tar} chof - "$$tardir"'
am__untar='$${TAR-tar} xf -'
bindir='${exec_prefix}/bin'
build_alias=''
datadir='${datarootdir}'
datarootdir='${prefix}/share'
docdir='${datarootdir}/doc/${PACKAGE_TARNAME}'
dvidir='${docdir}'
exec_prefix='${prefix}'
host_alias=''
htmldir='${docdir}'
includedir='${prefix}/include'
infodir='${datarootdir}/info'
install_sh='${SHELL} /mnt/storage/pkg/btpd/install-sh'
libdir='${exec_prefix}/lib'
libexecdir='${exec_prefix}/libexec'
localedir='${datarootdir}/locale'
localstatedir='${prefix}/var'
mandir='${datarootdir}/man'
mkdir_p='$(MKDIR_P)'
oldincludedir='/usr/include'
openssl_CPPFLAGS=''
openssl_LDFLAGS=''
pdfdir='${docdir}'
prefix='/usr'
program_transform_name='s,x,x,'
psdir='${docdir}'
sbindir='${exec_prefix}/sbin'
sharedstatedir='${prefix}/com'
sysconfdir='${prefix}/etc'
target_alias=''

## ----------- ##
## confdefs.h. ##
## ----------- ##

/* confdefs.h */
#define PACKAGE_NAME "btpd"
#define PACKAGE_TARNAME "btpd"
#define PACKAGE_VERSION "0.16+"
#define PACKAGE_STRING "btpd 0.16+"
#define PACKAGE_BUGREPORT "btpd-users@googlegroups.com"
#define PACKAGE_URL ""
#define PACKAGE "btpd"
#define VERSION "0.16+"
#define STDC_HEADERS 1
#define HAVE_SYS_TYPES_H 1
#define HAVE_SYS_STAT_H 1
#define HAVE_STDLIB_H 1
#define HAVE_STRING_H 1
#define HAVE_MEMORY_H 1
#define HAVE_STRINGS_H 1
#define HAVE_INTTYPES_H 1
#define HAVE_STDINT_H 1
#define HAVE_UNISTD_H 1
#define __EXTENSIONS__ 1
#define _ALL_SOURCE 1
#define _GNU_SOURCE 1
#define _POSIX_PTHREAD_SEMANTICS 1
#define _TANDEM_SOURCE 1
#define HAVE_ASPRINTF 1
#define HAVE_CLOCK_MONOTONIC 1

configure: exit 0
